21:23:05.550 [INFO] [org.gradle.launcher.daemon.server.health.gc.GarbageCollectionMonitor] Unable to determine a garbage collection monitoring strategy for JVMStrategy{JetBrains s.r.o version 1.8.0_152-release}
21:23:05.560 [INFO] [org.gradle.launcher.daemon.server.Daemon] start() called on daemon - DefaultDaemonContext[uid=6a26edb5-536c-44da-8514-15f889c7d289,javaHome=/Applications/Android Studio.app/Contents/jre/jdk/Contents/Home,daemonRegistryDir=/Users/VISHNU/RideRoad/android/daemon,pid=20176,idleTimeout=10800000,daemonOpts=-XX:MaxPermSize=256m,-XX:+HeapDumpOnOutOfMemoryError,-Xmx1024m,-Dfile.encoding=UTF-8,-Duser.country=US,-Duser.language=en,-Duser.variant]
21:23:05.570 [DEBUG] [org.gradle.launcher.daemon.server.DaemonStateCoordinator] updating lastActivityAt to 1522684385570
21:23:05.604 [DEBUG] [org.gradle.internal.remote.internal.inet.InetAddressFactory] Adding IP addresses for network interface utun0
21:23:05.605 [DEBUG] [org.gradle.internal.remote.internal.inet.InetAddressFactory] Is this a loopback interface? false
21:23:05.605 [DEBUG] [org.gradle.internal.remote.internal.inet.InetAddressFactory] Is this a multicast interface? true
21:23:05.606 [DEBUG] [org.gradle.internal.remote.internal.inet.InetAddressFactory] Adding remote address /fe80:0:0:0:de02:c2f0:ff60:2f1f%utun0
21:23:05.607 [DEBUG] [org.gradle.internal.remote.internal.inet.InetAddressFactory] Adding remote multicast interface utun0
21:23:05.608 [DEBUG] [org.gradle.internal.remote.internal.inet.InetAddressFactory] Adding IP addresses for network interface awdl0
21:23:05.609 [DEBUG] [org.gradle.internal.remote.internal.inet.InetAddressFactory] Is this a loopback interface? false
21:23:05.609 [DEBUG] [org.gradle.internal.remote.internal.inet.InetAddressFactory] Is this a multicast interface? true
21:23:05.609 [DEBUG] [org.gradle.internal.remote.internal.inet.InetAddressFactory] Adding remote address /fe80:0:0:0:f00f:34ff:fe8b:a812%awdl0
21:23:05.610 [DEBUG] [org.gradle.internal.remote.internal.inet.InetAddressFactory] Adding remote multicast interface awdl0
21:23:05.610 [DEBUG] [org.gradle.internal.remote.internal.inet.InetAddressFactory] Adding IP addresses for network interface en0
21:23:05.611 [DEBUG] [org.gradle.internal.remote.internal.inet.InetAddressFactory] Is this a loopback interface? false
21:23:05.611 [DEBUG] [org.gradle.internal.remote.internal.inet.InetAddressFactory] Is this a multicast interface? true
21:23:05.612 [DEBUG] [org.gradle.internal.remote.internal.inet.InetAddressFactory] Adding remote address /fe80:0:0:0:88:a500:76f9:6d48%en0
21:23:05.613 [DEBUG] [org.gradle.internal.remote.internal.inet.InetAddressFactory] Adding remote address /192.168.0.3
21:23:05.614 [DEBUG] [org.gradle.internal.remote.internal.inet.InetAddressFactory] Adding remote multicast interface en0
21:23:05.615 [DEBUG] [org.gradle.internal.remote.internal.inet.InetAddressFactory] Adding IP addresses for network interface lo0
21:23:05.616 [DEBUG] [org.gradle.internal.remote.internal.inet.InetAddressFactory] Is this a loopback interface? true
21:23:05.616 [DEBUG] [org.gradle.internal.remote.internal.inet.InetAddressFactory] Is this a multicast interface? true
21:23:05.617 [DEBUG] [org.gradle.internal.remote.internal.inet.InetAddressFactory] Ignoring remote address on loopback interface /fe80:0:0:0:0:0:0:1%lo0
21:23:05.617 [DEBUG] [org.gradle.internal.remote.internal.inet.InetAddressFactory] Adding loopback address /0:0:0:0:0:0:0:1%lo0
21:23:05.618 [DEBUG] [org.gradle.internal.remote.internal.inet.InetAddressFactory] Adding loopback address /127.0.0.1
21:23:05.618 [DEBUG] [org.gradle.internal.remote.internal.inet.InetAddressFactory] Adding loopback multicast interface lo0
21:23:05.627 [DEBUG] [org.gradle.internal.remote.internal.inet.TcpIncomingConnector] Listening on [0d12fd7d-6c03-4c3b-b741-77336ca01f6c port:62623, addresses:[/0:0:0:0:0:0:0:1%lo0, /127.0.0.1]].
21:23:05.632 [DEBUG] [org.gradle.launcher.daemon.server.Daemon] Daemon starting at: Mon Apr 02 21:23:05 IST 2018, with address: [0d12fd7d-6c03-4c3b-b741-77336ca01f6c port:62623, addresses:[/0:0:0:0:0:0:0:1%lo0, /127.0.0.1]]
21:23:05.633 [INFO] [org.gradle.launcher.daemon.server.DomainRegistryUpdater] Advertising the daemon address to the clients: [0d12fd7d-6c03-4c3b-b741-77336ca01f6c port:62623, addresses:[/0:0:0:0:0:0:0:1%lo0, /127.0.0.1]]
21:23:05.634 [DEBUG] [org.gradle.launcher.daemon.server.DomainRegistryUpdater] Advertised daemon context: DefaultDaemonContext[uid=6a26edb5-536c-44da-8514-15f889c7d289,javaHome=/Applications/Android Studio.app/Contents/jre/jdk/Contents/Home,daemonRegistryDir=/Users/VISHNU/RideRoad/android/daemon,pid=20176,idleTimeout=10800000,daemonOpts=-XX:MaxPermSize=256m,-XX:+HeapDumpOnOutOfMemoryError,-Xmx1024m,-Dfile.encoding=UTF-8,-Duser.country=US,-Duser.language=en,-Duser.variant]
21:23:05.639 [DEBUG] [org.gradle.launcher.daemon.registry.PersistentDaemonRegistry] Storing daemon address: [0d12fd7d-6c03-4c3b-b741-77336ca01f6c port:62623, addresses:[/0:0:0:0:0:0:0:1%lo0, /127.0.0.1]], context: DefaultDaemonContext[uid=6a26edb5-536c-44da-8514-15f889c7d289,javaHome=/Applications/Android Studio.app/Contents/jre/jdk/Contents/Home,daemonRegistryDir=/Users/VISHNU/RideRoad/android/daemon,pid=20176,idleTimeout=10800000,daemonOpts=-XX:MaxPermSize=256m,-XX:+HeapDumpOnOutOfMemoryError,-Xmx1024m,-Dfile.encoding=UTF-8,-Duser.country=US,-Duser.language=en,-Duser.variant]
21:23:05.651 [DEBUG] [org.gradle.cache.internal.DefaultFileLockManager] Waiting to acquire exclusive lock on daemon addresses registry.
21:23:05.656 [DEBUG] [org.gradle.cache.internal.DefaultFileLockManager] Lock acquired.
21:23:05.658 [DEBUG] [org.gradle.cache.internal.DefaultFileLockManager] Releasing lock on daemon addresses registry.
21:23:05.661 [DEBUG] [org.gradle.cache.internal.DefaultFileLockManager] Waiting to acquire exclusive lock on daemon addresses registry.
21:23:05.663 [DEBUG] [org.gradle.cache.internal.DefaultFileLockManager] Lock acquired.
21:23:05.700 [DEBUG] [org.gradle.cache.internal.DefaultFileLockManager] Releasing lock on daemon addresses registry.
21:23:05.701 [LIFECYCLE] [org.gradle.launcher.daemon.server.Daemon] Daemon server started.
21:23:05.704 [DEBUG] [org.gradle.launcher.daemon.bootstrap.DaemonStartupCommunication] Completed writing the daemon greeting. Closing streams...
21:23:05.718 [DEBUG] [org.gradle.launcher.daemon.server.Daemon] stopOnExpiration() called on daemon
21:23:05.720 [DEBUG] [org.gradle.launcher.daemon.server.Daemon] awaitExpiration() called on daemon
21:23:05.721 [DEBUG] [org.gradle.launcher.daemon.server.DaemonStateCoordinator] daemon is running. Sleeping until state changes.
21:23:05.793 [DEBUG] [org.gradle.internal.remote.internal.inet.TcpIncomingConnector] Accepted connection from /127.0.0.1:62624 to /127.0.0.1:62623.
21:23:06.080 [DEBUG] [org.gradle.launcher.daemon.server.SynchronizedDispatchConnection] thread 15: received class org.gradle.launcher.daemon.protocol.Build
21:23:06.081 [DEBUG] [org.gradle.launcher.daemon.server.DefaultDaemonConnection] thread 15: Received non-IO message from client: Build{id=d07fd67a-0ddd-4439-8230-456be991f688.1, currentDir=/Users/VISHNU/RideRoad/android}
21:23:06.082 [INFO] [org.gradle.launcher.daemon.server.DefaultIncomingConnectionHandler] Received command: Build{id=d07fd67a-0ddd-4439-8230-456be991f688.1, currentDir=/Users/VISHNU/RideRoad/android}.
21:23:06.082 [DEBUG] [org.gradle.launcher.daemon.server.DefaultIncomingConnectionHandler] Starting executing command: Build{id=d07fd67a-0ddd-4439-8230-456be991f688.1, currentDir=/Users/VISHNU/RideRoad/android} with connection: socket connection from /127.0.0.1:62623 to /127.0.0.1:62624.
21:23:06.092 [DEBUG] [org.gradle.launcher.daemon.server.DaemonStateCoordinator] Command execution: started DaemonCommandExecution[command = Build{id=d07fd67a-0ddd-4439-8230-456be991f688.1, currentDir=/Users/VISHNU/RideRoad/android}, connection = org.gradle.launcher.daemon.server.DefaultDaemonConnection@244be728] after 0.0 minutes of idle
21:23:06.093 [INFO] [org.gradle.launcher.daemon.server.DomainRegistryUpdater] Marking the daemon as busy, address: [0d12fd7d-6c03-4c3b-b741-77336ca01f6c port:62623, addresses:[/0:0:0:0:0:0:0:1%lo0, /127.0.0.1]]
21:23:06.094 [DEBUG] [org.gradle.launcher.daemon.registry.PersistentDaemonRegistry] Marking busy by address: [0d12fd7d-6c03-4c3b-b741-77336ca01f6c port:62623, addresses:[/0:0:0:0:0:0:0:1%lo0, /127.0.0.1]]
21:23:06.095 [DEBUG] [org.gradle.cache.internal.DefaultFileLockManager] Waiting to acquire exclusive lock on daemon addresses registry.
21:23:06.096 [DEBUG] [org.gradle.cache.internal.DefaultFileLockManager] Lock acquired.
21:23:06.104 [DEBUG] [org.gradle.cache.internal.DefaultFileLockManager] Releasing lock on daemon addresses registry.
21:23:06.105 [DEBUG] [org.gradle.launcher.daemon.server.DaemonStateCoordinator] updating lastActivityAt to 1522684386105
21:23:06.106 [DEBUG] [org.gradle.launcher.daemon.server.DaemonStateCoordinator] daemon is running. Sleeping until state changes.
21:23:06.106 [INFO] [org.gradle.launcher.daemon.server.exec.StartBuildOrRespondWithBusy] Daemon is about to start building Build{id=d07fd67a-0ddd-4439-8230-456be991f688.1, currentDir=/Users/VISHNU/RideRoad/android}. Dispatching build started information...
21:23:06.107 [DEBUG] [org.gradle.launcher.daemon.server.SynchronizedDispatchConnection] thread 17: dispatching class org.gradle.launcher.daemon.protocol.BuildStarted
21:23:06.112 [DEBUG] [org.gradle.launcher.daemon.server.exec.EstablishBuildEnvironment] Configuring env variables: {PATH=/usr/bin:/bin:/usr/sbin:/sbin, SSH_AUTH_SOCK=/private/tmp/com.apple.launchd.hGfJE7AmsP/Listeners, XPC_FLAGS=0x0, SHELL=/bin/bash, __CF_USER_TEXT_ENCODING=0x1F5:0x0:0x0, Apple_PubSub_Socket_Render=/private/tmp/com.apple.launchd.9OfvgZoUMo/Render, LOGNAME=VISHNU, USER=VISHNU, XPC_SERVICE_NAME=com.google.android.studio.12176, HOME=/Users/VISHNU, TMPDIR=/var/folders/c4/b_b_n0dn0m53st9hw7sw8zyr0000gn/T/}
21:23:06.125 [DEBUG] [org.gradle.launcher.daemon.server.exec.LogToClient] About to start relaying all logs to the client via the connection.
21:23:06.126 [INFO] [org.gradle.launcher.daemon.server.exec.LogToClient] The client will now receive all logging from the daemon (pid: 20176). The daemon log file: /Users/VISHNU/RideRoad/android/daemon/2.14.1/daemon-20176.out.log
21:23:06.129 [INFO] [org.gradle.launcher.daemon.server.health.DaemonHealthTracker] Starting build in new daemon [memory: 954.7 MB]
21:23:06.137 [DEBUG] [org.gradle.launcher.daemon.server.exec.ExecuteBuild] The daemon has started executing the build.
21:23:06.138 [INFO] [org.gradle.launcher.daemon.server.exec.ExecuteBuild] Executing build with daemon context: DefaultDaemonContext[uid=6a26edb5-536c-44da-8514-15f889c7d289,javaHome=/Applications/Android Studio.app/Contents/jre/jdk/Contents/Home,daemonRegistryDir=/Users/VISHNU/RideRoad/android/daemon,pid=20176,idleTimeout=10800000,daemonOpts=-XX:MaxPermSize=256m,-XX:+HeapDumpOnOutOfMemoryError,-Xmx1024m,-Dfile.encoding=UTF-8,-Duser.country=US,-Duser.language=en,-Duser.variant]
21:23:06.193 [DEBUG] [org.gradle.launcher.daemon.server.SynchronizedDispatchConnection] thread 15: received class org.gradle.launcher.daemon.protocol.CloseInput
21:23:06.194 [DEBUG] [org.gradle.launcher.daemon.server.DefaultDaemonConnection] thread 15: Received IO message from client: org.gradle.launcher.daemon.protocol.CloseInput@7ef92dd
21:23:06.195 [INFO] [org.gradle.launcher.daemon.server.exec.ForwardClientInput] Closing daemon's stdin at end of input.
21:23:06.196 [INFO] [org.gradle.launcher.daemon.server.exec.ForwardClientInput] The daemon will no longer process any standard input.
Download https://jcenter.bintray.com/com/android/tools/build/gradle/2.2.3/gradle-2.2.3.pom
Download https://jcenter.bintray.com/com/android/tools/build/gradle-core/2.2.3/gradle-core-2.2.3.pom
Download https://jcenter.bintray.com/com/android/tools/build/builder/2.2.3/builder-2.2.3.pom
Download https://jcenter.bintray.com/com/android/tools/lint/lint/25.2.3/lint-25.2.3.pom
Download https://jcenter.bintray.com/com/android/tools/build/gradle-api/2.2.3/gradle-api-2.2.3.pom
Download https://jcenter.bintray.com/com/android/databinding/compilerCommon/2.2.3/compilerCommon-2.2.3.pom
Download https://jcenter.bintray.com/com/android/tools/build/builder-model/2.2.3/builder-model-2.2.3.pom
Download https://jcenter.bintray.com/com/android/tools/build/builder-test-api/2.2.3/builder-test-api-2.2.3.pom
Download https://jcenter.bintray.com/com/android/tools/sdklib/25.2.3/sdklib-25.2.3.pom
Download https://jcenter.bintray.com/com/android/tools/sdk-common/25.2.3/sdk-common-25.2.3.pom
Download https://jcenter.bintray.com/com/android/tools/common/25.2.3/common-25.2.3.pom
Download https://jcenter.bintray.com/com/android/tools/build/manifest-merger/25.2.3/manifest-merger-25.2.3.pom
Download https://jcenter.bintray.com/com/android/tools/ddms/ddmlib/25.2.3/ddmlib-25.2.3.pom
Download https://jcenter.bintray.com/com/android/tools/analytics-library/protos/25.2.3/protos-25.2.3.pom
Download https://jcenter.bintray.com/com/android/tools/analytics-library/shared/25.2.3/shared-25.2.3.pom
Download https://jcenter.bintray.com/com/android/tools/analytics-library/tracker/25.2.3/tracker-25.2.3.pom
Download https://jcenter.bintray.com/com/android/tools/lint/lint-checks/25.2.3/lint-checks-25.2.3.pom
Download https://jcenter.bintray.com/com/android/databinding/baseLibrary/2.2.3/baseLibrary-2.2.3.pom
Download https://jcenter.bintray.com/com/android/tools/layoutlib/layoutlib-api/25.2.3/layoutlib-api-25.2.3.pom
Download https://jcenter.bintray.com/com/android/tools/dvlib/25.2.3/dvlib-25.2.3.pom
Download https://jcenter.bintray.com/com/android/tools/repository/25.2.3/repository-25.2.3.pom
Download https://jcenter.bintray.com/com/android/tools/lint/lint-api/25.2.3/lint-api-25.2.3.pom
Download https://jcenter.bintray.com/com/android/tools/external/com-intellij/uast/145.597.4/uast-145.597.4.pom
Download https://jcenter.bintray.com/com/android/tools/annotations/25.2.3/annotations-25.2.3.pom
Download https://jcenter.bintray.com/com/android/tools/build/gradle/2.2.3/gradle-2.2.3.jar
Download https://jcenter.bintray.com/com/android/tools/build/gradle-core/2.2.3/gradle-core-2.2.3.jar
Download https://jcenter.bintray.com/com/android/tools/build/builder/2.2.3/builder-2.2.3.jar
Download https://jcenter.bintray.com/com/android/tools/lint/lint/25.2.3/lint-25.2.3.jar
Download https://jcenter.bintray.com/com/android/tools/build/gradle-api/2.2.3/gradle-api-2.2.3.jar
Download https://jcenter.bintray.com/com/android/databinding/compilerCommon/2.2.3/compilerCommon-2.2.3.jar
Download https://jcenter.bintray.com/com/android/tools/build/builder-model/2.2.3/builder-model-2.2.3.jar
Download https://jcenter.bintray.com/com/android/tools/build/builder-test-api/2.2.3/builder-test-api-2.2.3.jar
Download https://jcenter.bintray.com/com/android/tools/sdklib/25.2.3/sdklib-25.2.3.jar
Download https://jcenter.bintray.com/com/android/tools/sdk-common/25.2.3/sdk-common-25.2.3.jar
Download https://jcenter.bintray.com/com/android/tools/common/25.2.3/common-25.2.3.jar
Download https://jcenter.bintray.com/com/android/tools/build/manifest-merger/25.2.3/manifest-merger-25.2.3.jar
Download https://jcenter.bintray.com/com/android/tools/ddms/ddmlib/25.2.3/ddmlib-25.2.3.jar
Download https://jcenter.bintray.com/com/android/tools/analytics-library/protos/25.2.3/protos-25.2.3.jar
Download https://jcenter.bintray.com/com/android/tools/analytics-library/shared/25.2.3/shared-25.2.3.jar
Download https://jcenter.bintray.com/com/android/tools/analytics-library/tracker/25.2.3/tracker-25.2.3.jar
Download https://jcenter.bintray.com/com/android/tools/lint/lint-checks/25.2.3/lint-checks-25.2.3.jar
Download https://jcenter.bintray.com/com/android/databinding/baseLibrary/2.2.3/baseLibrary-2.2.3.jar
Download https://jcenter.bintray.com/com/android/tools/layoutlib/layoutlib-api/25.2.3/layoutlib-api-25.2.3.jar
Download https://jcenter.bintray.com/com/android/tools/dvlib/25.2.3/dvlib-25.2.3.jar
Download https://jcenter.bintray.com/com/android/tools/repository/25.2.3/repository-25.2.3.jar
Download https://jcenter.bintray.com/com/android/tools/lint/lint-api/25.2.3/lint-api-25.2.3.jar
Download https://jcenter.bintray.com/com/android/tools/external/com-intellij/uast/145.597.4/uast-145.597.4.jar
Download https://jcenter.bintray.com/com/android/tools/annotations/25.2.3/annotations-25.2.3.jar
Download https://maven.google.com/com/android/support/appcompat-v7/27.0.2/appcompat-v7-27.0.2.pom
Download https://jcenter.bintray.com/com/facebook/react/react-native/0.20.1/react-native-0.20.1.pom
Download https://jcenter.bintray.com/com/facebook/android/facebook-android-sdk/4.31.0/facebook-android-sdk-4.31.0.pom
Download https://maven.google.com/com/android/support/support-annotations/27.0.2/support-annotations-27.0.2.pom
Download https://maven.google.com/com/android/support/support-core-utils/27.0.2/support-core-utils-27.0.2.pom
Download https://maven.google.com/com/android/support/support-fragment/27.0.2/support-fragment-27.0.2.pom
Download https://maven.google.com/com/android/support/support-vector-drawable/27.0.2/support-vector-drawable-27.0.2.pom
Download https://maven.google.com/com/android/support/animated-vector-drawable/27.0.2/animated-vector-drawable-27.0.2.pom
Download https://jcenter.bintray.com/com/facebook/fbui/textlayoutbuilder/textlayoutbuilder/1.0.0/textlayoutbuilder-1.0.0.pom
Download https://jcenter.bintray.com/com/facebook/fresco/fresco/1.3.0/fresco-1.3.0.pom
Download https://jcenter.bintray.com/com/facebook/fresco/imagepipeline-okhttp3/1.3.0/imagepipeline-okhttp3-1.3.0.pom
Download https://jcenter.bintray.com/com/facebook/soloader/soloader/0.1.0/soloader-0.1.0.pom
Download https://jcenter.bintray.com/com/squareup/okhttp3/okhttp/3.6.0/okhttp-3.6.0.pom
Download https://jcenter.bintray.com/com/squareup/okhttp3/parent/3.6.0/parent-3.6.0.pom
Download https://jcenter.bintray.com/com/squareup/okhttp3/okhttp-urlconnection/3.6.0/okhttp-urlconnection-3.6.0.pom
Download https://jcenter.bintray.com/com/squareup/okio/okio/1.13.0/okio-1.13.0.pom
Download https://jcenter.bintray.com/com/squareup/okio/okio-parent/1.13.0/okio-parent-1.13.0.pom
Download https://jcenter.bintray.com/org/webkit/android-jsc/r174650/android-jsc-r174650.pom
Download https://jcenter.bintray.com/com/facebook/android/facebook-core/4.31.0/facebook-core-4.31.0.pom
Download https://jcenter.bintray.com/com/facebook/android/facebook-common/4.31.0/facebook-common-4.31.0.pom
Download https://jcenter.bintray.com/com/facebook/android/facebook-login/4.31.0/facebook-login-4.31.0.pom
Download https://jcenter.bintray.com/com/facebook/android/facebook-share/4.31.0/facebook-share-4.31.0.pom
Download https://jcenter.bintray.com/com/facebook/android/facebook-places/4.31.0/facebook-places-4.31.0.pom
Download https://jcenter.bintray.com/com/facebook/android/facebook-applinks/4.31.0/facebook-applinks-4.31.0.pom
Download https://jcenter.bintray.com/com/facebook/android/facebook-messenger/4.31.0/facebook-messenger-4.31.0.pom
Download https://jcenter.bintray.com/com/facebook/fbui/textlayoutbuilder/staticlayout-proxy/1.0/staticlayout-proxy-1.0.pom
Download https://jcenter.bintray.com/com/facebook/fresco/drawee/1.3.0/drawee-1.3.0.pom
Download https://jcenter.bintray.com/com/facebook/fresco/fbcore/1.3.0/fbcore-1.3.0.pom
Download https://jcenter.bintray.com/com/facebook/fresco/imagepipeline/1.3.0/imagepipeline-1.3.0.pom
Download https://jcenter.bintray.com/com/parse/bolts/bolts-android/1.4.0/bolts-android-1.4.0.pom
Download https://maven.google.com/com/android/support/support-v4/27.0.2/support-v4-27.0.2.pom
Download https://maven.google.com/com/android/support/cardview-v7/27.0.2/cardview-v7-27.0.2.pom
Download https://maven.google.com/com/android/support/customtabs/27.0.2/customtabs-27.0.2.pom
Download https://jcenter.bintray.com/com/google/zxing/core/3.3.0/core-3.3.0.pom
Download https://jcenter.bintray.com/com/google/zxing/zxing-parent/3.3.0/zxing-parent-3.3.0.pom
Download https://jcenter.bintray.com/com/parse/bolts/bolts-tasks/1.4.0/bolts-tasks-1.4.0.pom
Download https://jcenter.bintray.com/com/facebook/fresco/imagepipeline-base/1.3.0/imagepipeline-base-1.3.0.pom
Download https://jcenter.bintray.com/com/parse/bolts/bolts-applinks/1.4.0/bolts-applinks-1.4.0.pom
Download https://maven.google.com/com/android/support/support-compat/27.0.2/support-compat-27.0.2.pom
Download https://maven.google.com/com/android/support/support-media-compat/27.0.2/support-media-compat-27.0.2.pom
Download https://maven.google.com/com/android/support/support-core-ui/27.0.2/support-core-ui-27.0.2.pom
Download https://maven.google.com/android/arch/lifecycle/runtime/1.0.3/runtime-1.0.3.pom
Download https://maven.google.com/android/arch/lifecycle/common/1.0.3/common-1.0.3.pom
Download https://maven.google.com/android/arch/core/common/1.0.0/common-1.0.0.pom
Download https://maven.google.com/com/android/support/support-annotations/27.0.2/support-annotations-27.0.2.jar
Download https://maven.google.com/android/arch/lifecycle/common/1.0.3/common-1.0.3.jar
Download https://maven.google.com/android/arch/core/common/1.0.0/common-1.0.0.jar
Download https://maven.google.com/android/arch/lifecycle/runtime/1.0.3/runtime-1.0.3.aar
Download https://maven.google.com/com/android/support/support-compat/27.0.2/support-compat-27.0.2.aar
Download https://maven.google.com/com/android/support/support-core-utils/27.0.2/support-core-utils-27.0.2.aar
Download https://maven.google.com/com/android/support/support-core-ui/27.0.2/support-core-ui-27.0.2.aar
Download https://maven.google.com/com/android/support/support-fragment/27.0.2/support-fragment-27.0.2.aar
Download https://maven.google.com/com/android/support/support-vector-drawable/27.0.2/support-vector-drawable-27.0.2.aar
Download https://maven.google.com/com/android/support/animated-vector-drawable/27.0.2/animated-vector-drawable-27.0.2.aar
Download https://maven.google.com/com/android/support/appcompat-v7/27.0.2/appcompat-v7-27.0.2.aar
Download https://jcenter.bintray.com/com/facebook/fbui/textlayoutbuilder/staticlayout-proxy/1.0/staticlayout-proxy-1.0.jar
Download https://jcenter.bintray.com/com/facebook/fbui/textlayoutbuilder/textlayoutbuilder/1.0.0/textlayoutbuilder-1.0.0.aar
Download https://jcenter.bintray.com/com/facebook/fresco/fbcore/1.3.0/fbcore-1.3.0.aar
Download https://jcenter.bintray.com/com/facebook/fresco/drawee/1.3.0/drawee-1.3.0.aar
Download https://jcenter.bintray.com/com/parse/bolts/bolts-tasks/1.4.0/bolts-tasks-1.4.0.jar
Download https://jcenter.bintray.com/com/facebook/fresco/imagepipeline-base/1.3.0/imagepipeline-base-1.3.0.aar
Download https://jcenter.bintray.com/com/facebook/fresco/imagepipeline/1.3.0/imagepipeline-1.3.0.aar
Download https://jcenter.bintray.com/com/facebook/fresco/fresco/1.3.0/fresco-1.3.0.aar
Download https://jcenter.bintray.com/com/squareup/okio/okio/1.13.0/okio-1.13.0.jar
Download https://jcenter.bintray.com/com/squareup/okhttp3/okhttp/3.6.0/okhttp-3.6.0.jar
Download https://jcenter.bintray.com/com/facebook/fresco/imagepipeline-okhttp3/1.3.0/imagepipeline-okhttp3-1.3.0.aar
Download https://jcenter.bintray.com/com/facebook/soloader/soloader/0.1.0/soloader-0.1.0.aar
Download https://jcenter.bintray.com/com/squareup/okhttp3/okhttp-urlconnection/3.6.0/okhttp-urlconnection-3.6.0.jar
Download https://jcenter.bintray.com/org/webkit/android-jsc/r174650/android-jsc-r174650.aar
Download https://jcenter.bintray.com/com/parse/bolts/bolts-applinks/1.4.0/bolts-applinks-1.4.0.jar
Download https://jcenter.bintray.com/com/parse/bolts/bolts-android/1.4.0/bolts-android-1.4.0.jar
Download https://jcenter.bintray.com/com/facebook/android/facebook-core/4.31.0/facebook-core-4.31.0.aar
Download https://maven.google.com/com/android/support/support-media-compat/27.0.2/support-media-compat-27.0.2.aar
Download https://maven.google.com/com/android/support/support-v4/27.0.2/support-v4-27.0.2.aar
Download https://maven.google.com/com/android/support/cardview-v7/27.0.2/cardview-v7-27.0.2.aar
Download https://maven.google.com/com/android/support/customtabs/27.0.2/customtabs-27.0.2.aar
Download https://jcenter.bintray.com/com/google/zxing/core/3.3.0/core-3.3.0.jar
Download https://jcenter.bintray.com/com/facebook/android/facebook-common/4.31.0/facebook-common-4.31.0.aar
Download https://jcenter.bintray.com/com/facebook/android/facebook-login/4.31.0/facebook-login-4.31.0.aar
Download https://jcenter.bintray.com/com/facebook/android/facebook-share/4.31.0/facebook-share-4.31.0.aar
Download https://jcenter.bintray.com/com/facebook/android/facebook-places/4.31.0/facebook-places-4.31.0.aar
Download https://jcenter.bintray.com/com/facebook/android/facebook-applinks/4.31.0/facebook-applinks-4.31.0.aar
Download https://jcenter.bintray.com/com/facebook/android/facebook-messenger/4.31.0/facebook-messenger-4.31.0.aar
Download https://jcenter.bintray.com/com/facebook/android/facebook-android-sdk/4.31.0/facebook-android-sdk-4.31.0.aar
Incremental java compilation is an incubating feature.

CONFIGURE SUCCESSFUL

Total time: 2 mins 21.366 secs
Download https://jcenter.bintray.com/com/facebook/android/facebook-android-sdk/4.31.0/facebook-android-sdk-4.31.0-sources.jar
Download https://jcenter.bintray.com/com/facebook/fbui/textlayoutbuilder/textlayoutbuilder/1.0.0/textlayoutbuilder-1.0.0-sources.jar
Download https://jcenter.bintray.com/com/facebook/fresco/fresco/1.3.0/fresco-1.3.0-sources.jar
Download https://jcenter.bintray.com/com/facebook/fresco/imagepipeline-okhttp3/1.3.0/imagepipeline-okhttp3-1.3.0-sources.jar
Download https://jcenter.bintray.com/com/facebook/soloader/soloader/0.1.0/soloader-0.1.0-sources.jar
Download https://jcenter.bintray.com/com/squareup/okhttp3/okhttp/3.6.0/okhttp-3.6.0-sources.jar
Download https://jcenter.bintray.com/com/squareup/okhttp3/okhttp-urlconnection/3.6.0/okhttp-urlconnection-3.6.0-sources.jar
Download https://jcenter.bintray.com/com/squareup/okio/okio/1.13.0/okio-1.13.0-sources.jar
Download https://jcenter.bintray.com/com/facebook/android/facebook-core/4.31.0/facebook-core-4.31.0-sources.jar
Download https://jcenter.bintray.com/com/facebook/android/facebook-common/4.31.0/facebook-common-4.31.0-sources.jar
Download https://jcenter.bintray.com/com/facebook/android/facebook-login/4.31.0/facebook-login-4.31.0-sources.jar
Download https://jcenter.bintray.com/com/facebook/android/facebook-share/4.31.0/facebook-share-4.31.0-sources.jar
Download https://jcenter.bintray.com/com/facebook/android/facebook-places/4.31.0/facebook-places-4.31.0-sources.jar
Download https://jcenter.bintray.com/com/facebook/android/facebook-applinks/4.31.0/facebook-applinks-4.31.0-sources.jar
Download https://jcenter.bintray.com/com/facebook/android/facebook-messenger/4.31.0/facebook-messenger-4.31.0-sources.jar
Download https://jcenter.bintray.com/com/facebook/fbui/textlayoutbuilder/staticlayout-proxy/1.0/staticlayout-proxy-1.0-sources.jar
Download https://jcenter.bintray.com/com/facebook/fresco/drawee/1.3.0/drawee-1.3.0-sources.jar
Download https://jcenter.bintray.com/com/facebook/fresco/fbcore/1.3.0/fbcore-1.3.0-sources.jar
Download https://jcenter.bintray.com/com/facebook/fresco/imagepipeline/1.3.0/imagepipeline-1.3.0-sources.jar
Download https://jcenter.bintray.com/com/parse/bolts/bolts-android/1.4.0/bolts-android-1.4.0-sources.jar
Download https://jcenter.bintray.com/com/google/zxing/core/3.3.0/core-3.3.0-sources.jar
Download https://jcenter.bintray.com/com/parse/bolts/bolts-tasks/1.4.0/bolts-tasks-1.4.0-sources.jar
Download https://jcenter.bintray.com/com/facebook/fresco/imagepipeline-base/1.3.0/imagepipeline-base-1.3.0-sources.jar
Download https://jcenter.bintray.com/com/parse/bolts/bolts-applinks/1.4.0/bolts-applinks-1.4.0-sources.jar
Download https://maven.google.com/com/android/support/appcompat-v7/27.0.2/appcompat-v7-27.0.2-sources.jar
Download https://maven.google.com/com/android/support/support-annotations/27.0.2/support-annotations-27.0.2-sources.jar
Download https://maven.google.com/com/android/support/support-core-utils/27.0.2/support-core-utils-27.0.2-sources.jar
Download https://maven.google.com/com/android/support/support-fragment/27.0.2/support-fragment-27.0.2-sources.jar
Download https://maven.google.com/com/android/support/support-vector-drawable/27.0.2/support-vector-drawable-27.0.2-sources.jar
Download https://maven.google.com/com/android/support/animated-vector-drawable/27.0.2/animated-vector-drawable-27.0.2-sources.jar
Download https://maven.google.com/com/android/support/support-v4/27.0.2/support-v4-27.0.2-sources.jar
Download https://maven.google.com/com/android/support/cardview-v7/27.0.2/cardview-v7-27.0.2-sources.jar
Download https://maven.google.com/com/android/support/customtabs/27.0.2/customtabs-27.0.2-sources.jar
Download https://maven.google.com/com/android/support/support-compat/27.0.2/support-compat-27.0.2-sources.jar
Download https://maven.google.com/com/android/support/support-media-compat/27.0.2/support-media-compat-27.0.2-sources.jar
Download https://maven.google.com/com/android/support/support-core-ui/27.0.2/support-core-ui-27.0.2-sources.jar
Download https://maven.google.com/android/arch/lifecycle/runtime/1.0.3/runtime-1.0.3-sources.jar
Download https://maven.google.com/android/arch/lifecycle/common/1.0.3/common-1.0.3-sources.jar
Download https://maven.google.com/android/arch/core/common/1.0.0/common-1.0.0-sources.jar
The Test.testSrcDirs property has been deprecated and is scheduled to be removed in Gradle 3.0. Support for TestNG Javadoc annotations will be removed in Gradle 3.0.
21:26:15.780 [DEBUG] [org.gradle.api.internal.artifacts.ivyservice.ivyresolve.memcache.InMemoryCachedRepositoryFactory] In-memory dependency metadata cache closed. Repos cached: 135, cache instances: 9, modules served from cache: 3095, artifacts: 300
21:26:15.780 [DEBUG] [org.gradle.cache.internal.DefaultCacheAccess] Cache Generated Gradle JARs cache (/Users/VISHNU/RideRoad/android/caches/2.14.1/generated-gradle-jars) was closed 0 times.
21:26:15.782 [DEBUG] [org.gradle.cache.internal.btree.BTreePersistentIndexedCache] Closing cache module-metadata.bin (/Users/VISHNU/RideRoad/android/caches/modules-2/metadata-2.16/module-metadata.bin)
21:26:15.783 [DEBUG] [org.gradle.cache.internal.btree.BTreePersistentIndexedCache] Closing cache artifact-at-url.bin (/Users/VISHNU/RideRoad/android/caches/modules-2/metadata-2.16/artifact-at-url.bin)
21:26:15.784 [DEBUG] [org.gradle.cache.internal.btree.BTreePersistentIndexedCache] Closing cache artifact-at-repository.bin (/Users/VISHNU/RideRoad/android/caches/modules-2/metadata-2.16/artifact-at-repository.bin)
21:26:15.785 [DEBUG] [org.gradle.cache.internal.btree.BTreePersistentIndexedCache] Closing cache module-versions.bin (/Users/VISHNU/RideRoad/android/caches/modules-2/metadata-2.16/module-versions.bin)
21:26:15.785 [DEBUG] [org.gradle.cache.internal.btree.BTreePersistentIndexedCache] Closing cache module-artifacts.bin (/Users/VISHNU/RideRoad/android/caches/modules-2/metadata-2.16/module-artifacts.bin)
21:26:15.786 [DEBUG] [org.gradle.cache.internal.DefaultFileLockManager] Releasing lock on artifact cache (/Users/VISHNU/RideRoad/android/caches/modules-2).
21:26:15.787 [DEBUG] [org.gradle.api.internal.artifacts.ivyservice.resolveengine.store.CachedStoreFactory] Resolution result cache closed. Cache reads: 0, disk reads: 0 (avg: 0.0 secs, total: 0.0 secs)
21:26:15.788 [DEBUG] [org.gradle.api.internal.artifacts.ivyservice.resolveengine.store.CachedStoreFactory] Resolution result cache closed. Cache reads: 2, disk reads: 12 (avg: 0.002 secs, total: 0.035 secs)
21:26:15.789 [DEBUG] [org.gradle.api.internal.artifacts.ivyservice.resolveengine.store.ResolutionResultsStoreFactory] Deleted 2 resolution results binary files in 0.003 secs
21:26:15.789 [DEBUG] [org.gradle.cache.internal.DefaultCacheAccess] Cache Plugin Resolution Cache (/Users/VISHNU/RideRoad/android/caches/2.14.1/plugin-resolution) was closed 0 times.
21:26:15.790 [DEBUG] [org.gradle.api.internal.tasks.compile.daemon.CompilerDaemonManager] Stopping 0 compiler daemon(s).
21:26:15.790 [INFO] [org.gradle.api.internal.tasks.compile.daemon.CompilerDaemonManager] Stopped 0 compiler daemon(s).
21:26:15.791 [DEBUG] [org.gradle.cache.internal.DefaultFileLockManager] Releasing lock on jars (/Users/VISHNU/RideRoad/android/caches/jars-1).
21:26:15.792 [DEBUG] [org.gradle.launcher.daemon.server.exec.ExecuteBuild] The daemon has finished executing the build.
21:26:16.238 [DEBUG] [org.gradle.launcher.daemon.server.DaemonStateCoordinator] daemon is running. Sleeping until state changes.
21:26:16.240 [DEBUG] [org.gradle.launcher.daemon.server.DaemonStateCoordinator] Command execution: finished waiting for DaemonCommandExecution[command = Build{id=d07fd67a-0ddd-4439-8230-456be991f688.1, currentDir=/Users/VISHNU/RideRoad/android}, connection = org.gradle.launcher.daemon.server.DefaultDaemonConnection@244be728]. Result org.gradle.launcher.daemon.server.DaemonStateCoordinator@76e78be with state Running
21:26:16.240 [DEBUG] [org.gradle.launcher.daemon.server.DaemonStateCoordinator] Command execution: completed DaemonCommandExecution[command = Build{id=d07fd67a-0ddd-4439-8230-456be991f688.1, currentDir=/Users/VISHNU/RideRoad/android}, connection = org.gradle.launcher.daemon.server.DefaultDaemonConnection@244be728]
21:26:16.241 [DEBUG] [org.gradle.launcher.daemon.server.DaemonStateCoordinator] updating lastActivityAt to 1522684576241
21:26:16.241 [INFO] [org.gradle.launcher.daemon.server.DomainRegistryUpdater] Marking the daemon as idle, address: [0d12fd7d-6c03-4c3b-b741-77336ca01f6c port:62623, addresses:[/0:0:0:0:0:0:0:1%lo0, /127.0.0.1]]
21:26:16.242 [DEBUG] [org.gradle.launcher.daemon.registry.PersistentDaemonRegistry] Marking idle by address: [0d12fd7d-6c03-4c3b-b741-77336ca01f6c port:62623, addresses:[/0:0:0:0:0:0:0:1%lo0, /127.0.0.1]]
21:26:16.243 [DEBUG] [org.gradle.cache.internal.DefaultFileLockManager] Waiting to acquire exclusive lock on daemon addresses registry.
21:26:16.243 [DEBUG] [org.gradle.cache.internal.DefaultFileLockManager] Lock acquired.
21:26:16.249 [DEBUG] [org.gradle.cache.internal.DefaultFileLockManager] Releasing lock on daemon addresses registry.
21:26:16.250 [DEBUG] [org.gradle.launcher.daemon.server.DaemonStateCoordinator] daemon is running. Sleeping until state changes.
21:26:16.250 [DEBUG] [org.gradle.launcher.daemon.server.exec.ReturnResult] Daemon is dispatching the build result: Success[value=org.gradle.tooling.internal.provider.BuildActionResult@5e397d3b]
21:26:16.250 [DEBUG] [org.gradle.launcher.daemon.server.SynchronizedDispatchConnection] thread 14: dispatching class org.gradle.launcher.daemon.protocol.Success
21:26:16.266 [DEBUG] [org.gradle.launcher.daemon.server.DefaultIncomingConnectionHandler] Finishing executing command: Build{id=d07fd67a-0ddd-4439-8230-456be991f688.1, currentDir=/Users/VISHNU/RideRoad/android}
21:26:16.307 [DEBUG] [org.gradle.launcher.daemon.server.SynchronizedDispatchConnection] thread 15: received class org.gradle.launcher.daemon.protocol.Finished
21:26:16.307 [DEBUG] [org.gradle.launcher.daemon.server.DefaultDaemonConnection] thread 15: Received non-IO message from client: org.gradle.launcher.daemon.protocol.Finished@a604e8e
21:26:16.308 [DEBUG] [org.gradle.launcher.daemon.server.DefaultIncomingConnectionHandler] Received finished message: org.gradle.launcher.daemon.protocol.Finished@a604e8e
21:26:16.308 [DEBUG] [org.gradle.launcher.daemon.server.SynchronizedDispatchConnection] thread 14: stopping connection
21:26:16.311 [DEBUG] [org.gradle.internal.remote.internal.inet.SocketConnection] Discarding EOFException: java.io.EOFException
21:26:16.311 [DEBUG] [org.gradle.launcher.daemon.server.SynchronizedDispatchConnection] thread 15: received null
21:26:16.312 [DEBUG] [org.gradle.launcher.daemon.server.DefaultDaemonConnection] thread 15: Received end-of-input from client.
21:26:16.313 [DEBUG] [org.gradle.launcher.daemon.server.SynchronizedDispatchConnection] thread 14: stopping connection
21:27:05.729 [DEBUG] [org.gradle.launcher.daemon.server.Daemon] DaemonExpirationPeriodicCheck running
21:27:05.730 [DEBUG] [org.gradle.cache.internal.DefaultFileLockManager] Waiting to acquire shared lock on daemon addresses registry.
21:27:05.731 [DEBUG] [org.gradle.cache.internal.DefaultFileLockManager] Lock acquired.
21:27:05.734 [DEBUG] [org.gradle.cache.internal.DefaultFileLockManager] Releasing lock on daemon addresses registry.
21:28:05.733 [DEBUG] [org.gradle.launcher.daemon.server.Daemon] DaemonExpirationPeriodicCheck running
21:28:05.734 [DEBUG] [org.gradle.cache.internal.DefaultFileLockManager] Waiting to acquire shared lock on daemon addresses registry.
21:28:05.734 [DEBUG] [org.gradle.cache.internal.DefaultFileLockManager] Lock acquired.
21:28:05.738 [DEBUG] [org.gradle.cache.internal.DefaultFileLockManager] Releasing lock on daemon addresses registry.
21:28:39.163 [DEBUG] [org.gradle.internal.remote.internal.inet.TcpIncomingConnector] Accepted connection from /127.0.0.1:62674 to /127.0.0.1:62623.
21:28:39.194 [DEBUG] [org.gradle.launcher.daemon.server.SynchronizedDispatchConnection] thread 24: received class org.gradle.launcher.daemon.protocol.Build
21:28:39.195 [DEBUG] [org.gradle.launcher.daemon.server.DefaultDaemonConnection] thread 24: Received non-IO message from client: Build{id=24f37cc2-b463-4058-bfbf-db79ac3d9185.1, currentDir=/Users/VISHNU/RideRoad/android}
21:28:39.195 [INFO] [org.gradle.launcher.daemon.server.DefaultIncomingConnectionHandler] Received command: Build{id=24f37cc2-b463-4058-bfbf-db79ac3d9185.1, currentDir=/Users/VISHNU/RideRoad/android}.
21:28:39.196 [DEBUG] [org.gradle.launcher.daemon.server.DefaultIncomingConnectionHandler] Starting executing command: Build{id=24f37cc2-b463-4058-bfbf-db79ac3d9185.1, currentDir=/Users/VISHNU/RideRoad/android} with connection: socket connection from /127.0.0.1:62623 to /127.0.0.1:62674.
21:28:39.197 [DEBUG] [org.gradle.launcher.daemon.server.DaemonStateCoordinator] Command execution: started DaemonCommandExecution[command = Build{id=24f37cc2-b463-4058-bfbf-db79ac3d9185.1, currentDir=/Users/VISHNU/RideRoad/android}, connection = org.gradle.launcher.daemon.server.DefaultDaemonConnection@2df3c2c0] after 2.0 minutes of idle
21:28:39.197 [INFO] [org.gradle.launcher.daemon.server.DomainRegistryUpdater] Marking the daemon as busy, address: [0d12fd7d-6c03-4c3b-b741-77336ca01f6c port:62623, addresses:[/0:0:0:0:0:0:0:1%lo0, /127.0.0.1]]
21:28:39.197 [DEBUG] [org.gradle.launcher.daemon.registry.PersistentDaemonRegistry] Marking busy by address: [0d12fd7d-6c03-4c3b-b741-77336ca01f6c port:62623, addresses:[/0:0:0:0:0:0:0:1%lo0, /127.0.0.1]]
21:28:39.198 [DEBUG] [org.gradle.cache.internal.DefaultFileLockManager] Waiting to acquire exclusive lock on daemon addresses registry.
21:28:39.200 [DEBUG] [org.gradle.cache.internal.DefaultFileLockManager] Lock acquired.
21:28:39.205 [DEBUG] [org.gradle.cache.internal.DefaultFileLockManager] Releasing lock on daemon addresses registry.
21:28:39.206 [DEBUG] [org.gradle.launcher.daemon.server.DaemonStateCoordinator] updating lastActivityAt to 1522684719206
21:28:39.206 [DEBUG] [org.gradle.launcher.daemon.server.DaemonStateCoordinator] daemon is running. Sleeping until state changes.
21:28:39.206 [INFO] [org.gradle.launcher.daemon.server.exec.StartBuildOrRespondWithBusy] Daemon is about to start building Build{id=24f37cc2-b463-4058-bfbf-db79ac3d9185.1, currentDir=/Users/VISHNU/RideRoad/android}. Dispatching build started information...
21:28:39.207 [DEBUG] [org.gradle.launcher.daemon.server.SynchronizedDispatchConnection] thread 26: dispatching class org.gradle.launcher.daemon.protocol.BuildStarted
21:28:39.208 [DEBUG] [org.gradle.launcher.daemon.server.exec.EstablishBuildEnvironment] Configuring env variables: {PATH=/usr/bin:/bin:/usr/sbin:/sbin, SSH_AUTH_SOCK=/private/tmp/com.apple.launchd.hGfJE7AmsP/Listeners, XPC_FLAGS=0x0, SHELL=/bin/bash, __CF_USER_TEXT_ENCODING=0x1F5:0x0:0x0, Apple_PubSub_Socket_Render=/private/tmp/com.apple.launchd.9OfvgZoUMo/Render, LOGNAME=VISHNU, USER=VISHNU, XPC_SERVICE_NAME=com.google.android.studio.12176, HOME=/Users/VISHNU, TMPDIR=/var/folders/c4/b_b_n0dn0m53st9hw7sw8zyr0000gn/T/}
21:28:39.208 [DEBUG] [org.gradle.launcher.daemon.server.exec.LogToClient] About to start relaying all logs to the client via the connection.
21:28:39.209 [INFO] [org.gradle.launcher.daemon.server.exec.LogToClient] The client will now receive all logging from the daemon (pid: 20176). The daemon log file: /Users/VISHNU/RideRoad/android/daemon/2.14.1/daemon-20176.out.log
21:28:39.210 [INFO] [org.gradle.launcher.daemon.server.health.DaemonHealthTracker] Starting 2nd build in daemon [uptime: 5 mins 33.674 secs, performance: 100%]
21:28:39.210 [DEBUG] [org.gradle.launcher.daemon.server.exec.ExecuteBuild] The daemon has started executing the build.
21:28:39.211 [INFO] [org.gradle.launcher.daemon.server.exec.ExecuteBuild] Executing build with daemon context: DefaultDaemonContext[uid=6a26edb5-536c-44da-8514-15f889c7d289,javaHome=/Applications/Android Studio.app/Contents/jre/jdk/Contents/Home,daemonRegistryDir=/Users/VISHNU/RideRoad/android/daemon,pid=20176,idleTimeout=10800000,daemonOpts=-XX:MaxPermSize=256m,-XX:+HeapDumpOnOutOfMemoryError,-Xmx1024m,-Dfile.encoding=UTF-8,-Duser.country=US,-Duser.language=en,-Duser.variant]

FAILURE: Build failed with an exception.

* Where:
Build file '/Users/VISHNU/RideRoad/android/app/build.gradle' line: 162

* What went wrong:
A problem occurred evaluating project ':app'.
> Could not find method google() for arguments [] on repository container.

* Try:
Run with --stacktrace option to get the stack trace. Run with --info or --debug option to get more log output.

CONFIGURE FAILED

Total time: 1.163 secs
21:28:40.305 [DEBUG] [org.gradle.api.internal.artifacts.ivyservice.ivyresolve.memcache.InMemoryCachedRepositoryFactory] In-memory dependency metadata cache closed. Repos cached: 2, cache instances: 2, modules served from cache: 35, artifacts: 35
21:28:40.327 [DEBUG] [org.gradle.cache.internal.DefaultCacheAccess] Cache Generated Gradle JARs cache (/Users/VISHNU/RideRoad/android/caches/2.14.1/generated-gradle-jars) was closed 0 times.
21:28:40.328 [DEBUG] [org.gradle.cache.internal.btree.BTreePersistentIndexedCache] Closing cache artifact-at-repository.bin (/Users/VISHNU/RideRoad/android/caches/modules-2/metadata-2.16/artifact-at-repository.bin)
21:28:40.328 [DEBUG] [org.gradle.cache.internal.btree.BTreePersistentIndexedCache] Closing cache module-metadata.bin (/Users/VISHNU/RideRoad/android/caches/modules-2/metadata-2.16/module-metadata.bin)
21:28:40.329 [DEBUG] [org.gradle.cache.internal.DefaultFileLockManager] Releasing lock on artifact cache (/Users/VISHNU/RideRoad/android/caches/modules-2).
21:28:40.348 [DEBUG] [org.gradle.api.internal.artifacts.ivyservice.resolveengine.store.CachedStoreFactory] Resolution result cache closed. Cache reads: 0, disk reads: 0 (avg: 0.0 secs, total: 0.0 secs)
21:28:40.354 [DEBUG] [org.gradle.api.internal.artifacts.ivyservice.resolveengine.store.CachedStoreFactory] Resolution result cache closed. Cache reads: 0, disk reads: 0 (avg: 0.0 secs, total: 0.0 secs)
21:28:40.354 [DEBUG] [org.gradle.api.internal.artifacts.ivyservice.resolveengine.store.ResolutionResultsStoreFactory] Deleted 2 resolution results binary files in 0.019 secs
21:28:40.354 [DEBUG] [org.gradle.cache.internal.DefaultCacheAccess] Cache Plugin Resolution Cache (/Users/VISHNU/RideRoad/android/caches/2.14.1/plugin-resolution) was closed 0 times.
21:28:40.355 [DEBUG] [org.gradle.cache.internal.DefaultCacheAccess] Cache jars (/Users/VISHNU/RideRoad/android/caches/jars-1) was closed 0 times.
21:28:40.355 [DEBUG] [org.gradle.launcher.daemon.server.exec.ExecuteBuild] The daemon has finished executing the build.
21:28:40.864 [DEBUG] [org.gradle.launcher.daemon.server.DaemonStateCoordinator] daemon is running. Sleeping until state changes.
21:28:40.865 [DEBUG] [org.gradle.launcher.daemon.server.DaemonStateCoordinator] Command execution: finished waiting for DaemonCommandExecution[command = Build{id=24f37cc2-b463-4058-bfbf-db79ac3d9185.1, currentDir=/Users/VISHNU/RideRoad/android}, connection = org.gradle.launcher.daemon.server.DefaultDaemonConnection@2df3c2c0]. Result org.gradle.launcher.daemon.server.DaemonStateCoordinator@76e78be with state Running
21:28:40.865 [DEBUG] [org.gradle.launcher.daemon.server.DaemonStateCoordinator] Command execution: completed DaemonCommandExecution[command = Build{id=24f37cc2-b463-4058-bfbf-db79ac3d9185.1, currentDir=/Users/VISHNU/RideRoad/android}, connection = org.gradle.launcher.daemon.server.DefaultDaemonConnection@2df3c2c0]
21:28:40.866 [DEBUG] [org.gradle.launcher.daemon.server.DaemonStateCoordinator] updating lastActivityAt to 1522684720866
21:28:40.866 [INFO] [org.gradle.launcher.daemon.server.DomainRegistryUpdater] Marking the daemon as idle, address: [0d12fd7d-6c03-4c3b-b741-77336ca01f6c port:62623, addresses:[/0:0:0:0:0:0:0:1%lo0, /127.0.0.1]]
21:28:40.866 [DEBUG] [org.gradle.launcher.daemon.registry.PersistentDaemonRegistry] Marking idle by address: [0d12fd7d-6c03-4c3b-b741-77336ca01f6c port:62623, addresses:[/0:0:0:0:0:0:0:1%lo0, /127.0.0.1]]
21:28:40.867 [DEBUG] [org.gradle.cache.internal.DefaultFileLockManager] Waiting to acquire exclusive lock on daemon addresses registry.
21:28:40.867 [DEBUG] [org.gradle.cache.internal.DefaultFileLockManager] Lock acquired.
21:28:40.873 [DEBUG] [org.gradle.cache.internal.DefaultFileLockManager] Releasing lock on daemon addresses registry.
21:28:40.873 [DEBUG] [org.gradle.launcher.daemon.server.DaemonStateCoordinator] daemon is running. Sleeping until state changes.
21:28:40.874 [DEBUG] [org.gradle.launcher.daemon.server.exec.ReturnResult] Daemon is dispatching the build result: Failure[value=org.gradle.initialization.ReportedException: org.gradle.internal.exceptions.LocationAwareException: Build file '/Users/VISHNU/RideRoad/android/app/build.gradle' line: 162
A problem occurred evaluating project ':app'.]
21:28:40.874 [DEBUG] [org.gradle.launcher.daemon.server.SynchronizedDispatchConnection] thread 23: dispatching class org.gradle.launcher.daemon.protocol.Failure
21:28:40.898 [DEBUG] [org.gradle.launcher.daemon.server.DefaultIncomingConnectionHandler] Finishing executing command: Build{id=24f37cc2-b463-4058-bfbf-db79ac3d9185.1, currentDir=/Users/VISHNU/RideRoad/android}
21:28:40.937 [DEBUG] [org.gradle.launcher.daemon.server.SynchronizedDispatchConnection] thread 24: received class org.gradle.launcher.daemon.protocol.Finished
21:28:40.937 [DEBUG] [org.gradle.launcher.daemon.server.DefaultDaemonConnection] thread 24: Received non-IO message from client: org.gradle.launcher.daemon.protocol.Finished@321a09b5
21:28:40.938 [DEBUG] [org.gradle.launcher.daemon.server.DefaultIncomingConnectionHandler] Received finished message: org.gradle.launcher.daemon.protocol.Finished@321a09b5
21:28:40.938 [DEBUG] [org.gradle.launcher.daemon.server.SynchronizedDispatchConnection] thread 23: stopping connection
21:28:40.938 [DEBUG] [org.gradle.internal.remote.internal.inet.SocketConnection] Discarding EOFException: java.io.EOFException
21:28:40.939 [DEBUG] [org.gradle.launcher.daemon.server.SynchronizedDispatchConnection] thread 24: received null
21:28:40.939 [DEBUG] [org.gradle.launcher.daemon.server.DefaultDaemonConnection] thread 24: Received end-of-input from client.
21:28:40.940 [DEBUG] [org.gradle.launcher.daemon.server.SynchronizedDispatchConnection] thread 23: stopping connection
21:29:05.734 [DEBUG] [org.gradle.launcher.daemon.server.Daemon] DaemonExpirationPeriodicCheck running
21:29:05.736 [DEBUG] [org.gradle.cache.internal.DefaultFileLockManager] Waiting to acquire shared lock on daemon addresses registry.
21:29:05.737 [DEBUG] [org.gradle.cache.internal.DefaultFileLockManager] Lock acquired.
21:29:05.740 [DEBUG] [org.gradle.cache.internal.DefaultFileLockManager] Releasing lock on daemon addresses registry.
21:30:05.740 [DEBUG] [org.gradle.launcher.daemon.server.Daemon] DaemonExpirationPeriodicCheck running
21:30:05.743 [DEBUG] [org.gradle.cache.internal.DefaultFileLockManager] Waiting to acquire shared lock on daemon addresses registry.
21:30:05.743 [DEBUG] [org.gradle.cache.internal.DefaultFileLockManager] Lock acquired.
21:30:05.747 [DEBUG] [org.gradle.cache.internal.DefaultFileLockManager] Releasing lock on daemon addresses registry.
00:31:10.380 [DEBUG] [org.gradle.launcher.daemon.server.Daemon] DaemonExpirationPeriodicCheck running
00:31:10.382 [INFO] [org.gradle.launcher.daemon.server.DaemonIdleTimeoutExpirationStrategy] Idle timeout: daemon has been idle for 10949516 milliseconds. Expiring.
00:31:10.382 [INFO] [org.gradle.launcher.daemon.server.Daemon] Daemon expiration criteria met, requesting stop
00:31:10.383 [LIFECYCLE] [org.gradle.launcher.daemon.server.Daemon] Daemon stopping because daemon has been idle for 10949516 milliseconds
00:31:10.383 [DEBUG] [org.gradle.launcher.daemon.server.DaemonStateCoordinator] Stop as soon as idle requested. The daemon is busy: false
00:31:10.383 [DEBUG] [org.gradle.launcher.daemon.server.DaemonStateCoordinator] Marking daemon stopped due to stop requested and daemon idle. The daemon is running a build: false
00:31:10.384 [DEBUG] [org.gradle.launcher.daemon.server.DaemonStateCoordinator] daemon has stopped.
00:31:10.384 [DEBUG] [org.gradle.launcher.daemon.server.Daemon] stop() called on daemon
00:31:10.384 [INFO] [org.gradle.launcher.daemon.server.Daemon] Stop requested. Daemon is removing its presence from the registry...
00:31:10.385 [DEBUG] [org.gradle.launcher.daemon.server.DomainRegistryUpdater] Removing our presence to clients, eg. removing this address from the registry: [0d12fd7d-6c03-4c3b-b741-77336ca01f6c port:62623, addresses:[/0:0:0:0:0:0:0:1%lo0, /127.0.0.1]]
00:31:10.385 [DEBUG] [org.gradle.launcher.daemon.registry.PersistentDaemonRegistry] Removing daemon address: [0d12fd7d-6c03-4c3b-b741-77336ca01f6c port:62623, addresses:[/0:0:0:0:0:0:0:1%lo0, /127.0.0.1]]
00:31:10.388 [DEBUG] [org.gradle.cache.internal.DefaultFileLockManager] Waiting to acquire exclusive lock on daemon addresses registry.
00:31:10.389 [DEBUG] [org.gradle.cache.internal.DefaultFileLockManager] Lock acquired.
00:31:10.395 [DEBUG] [org.gradle.cache.internal.DefaultFileLockManager] Releasing lock on daemon addresses registry.
00:31:10.396 [DEBUG] [org.gradle.launcher.daemon.server.DomainRegistryUpdater] Address removed from registry.
Daemon vm is shutting down... The daemon has exited normally or was terminated in response to a user interrupt.
00:31:10.401 [DEBUG] [org.gradle.launcher.daemon.registry.PersistentDaemonRegistry] Removing daemon address: [0d12fd7d-6c03-4c3b-b741-77336ca01f6c port:62623, addresses:[/0:0:0:0:0:0:0:1%lo0, /127.0.0.1]]
00:31:10.401 [DEBUG] [org.gradle.cache.internal.DefaultFileLockManager] Waiting to acquire exclusive lock on daemon addresses registry.
00:31:10.402 [DEBUG] [org.gradle.cache.internal.DefaultFileLockManager] Lock acquired.
00:31:10.403 [DEBUG] [org.gradle.cache.internal.DefaultFileLockManager] Releasing lock on daemon addresses registry.
